C51 COMPILER V9.60.7.0   MAIN                                                              06/03/2025 15:27:04 PAGE 1   


C51 COMPILER V9.60.7.0, COMPILATION OF MODULE MAIN
OBJECT MODULE PLACED IN .\Objects\main.obj
COMPILER INVOKED BY: E:\arm keil\C51\BIN\C51.EXE main.c OPTIMIZE(8,SPEED) BROWSE DEBUG OBJECTEXTEND PRINT(.\Listings\mai
                    -n.lst) TABS(2) OBJECT(.\Objects\main.obj)

line level    source

   1          #include <reg51.h>
   2          
   3          sbit LED1 = P1^5;       
   4          sbit LED2 = P1^6;    
   5          
   6          sbit SWITCH1 = P1^3;  
   7          sbit SWITCH2 = P1^4;    
   8          
   9          void main()
  10          {
  11   1          LED1 = 0;    // Initially OFF
  12   1          LED2 = 0;
  13   1      
  14   1          while (1)
  15   1          {
  16   2           
  17   2              if (SWITCH2 == 0)    
  18   2              {
  19   3                  LED1 = 1; 
  20   3              }
  21   2              if(SWITCH2==0)
  22   2              {
  23   3                LED1=0;
  24   3              }
  25   2              
  26   2          }
  27   1      }


MODULE INFORMATION:   STATIC OVERLAYABLE
   CODE SIZE        =     16    ----
   CONSTANT SIZE    =   ----    ----
   XDATA SIZE       =   ----    ----
   PDATA SIZE       =   ----    ----
   DATA SIZE        =   ----    ----
   IDATA SIZE       =   ----    ----
   BIT SIZE         =   ----    ----
END OF MODULE INFORMATION.


C51 COMPILATION COMPLETE.  0 WARNING(S),  0 ERROR(S)
