C51 COMPILER V9.60.7.0   MAIN                                                              06/04/2025 12:41:47 PAGE 1   


C51 COMPILER V9.60.7.0, COMPILATION OF MODULE MAIN
OBJECT MODULE PLACED IN .\Objects\main.obj
COMPILER INVOKED BY: E:\arm keil\C51\BIN\C51.EXE main.c OPTIMIZE(8,SPEED) BROWSE DEBUG OBJECTEXTEND PRINT(.\Listings\mai
                    -n.lst) TABS(2) OBJECT(.\Objects\main.obj)

line level    source

   1          #include <reg51.h>    /* Include x51 header file */
   2          #include "stdio.h"
   3          sbit swit1=P1^3;
   4          sbit swit2=P1^4;
   5          sbit led1=P1^5;
   6          sbit led2=P1^6;
   7          char buffer[20];  
   8          int cnt=1;
   9          
  10          
  11          void UART_Init()
  12          {
  13   1        TMOD = 0x20;    /* Timer 1, 8-bit auto reload mode */
  14   1        TH1 = 0xFD;   /* Load value for 9600 baud rate */
  15   1        SCON = 0x50;    /* Mode 1, reception enable */
  16   1        TR1 = 1;    /* Start timer 1 */
  17   1      }
  18          
  19          void Transmit_data(char tx_data)
  20          {
  21   1        SBUF = tx_data;   /* Load char in SBUF register */
  22   1        while (TI==0);    /* Wait until stop bit transmit */
  23   1        TI = 0;     /* Clear TI flag */
  24   1      }
  25          void delay(k)  /* Delay for msec. (here Xtal freq. is 11.0592 MHz) */
  26          {
  27   1        int i,j;
  28   1        for (i=0;i<k;i++)
  29   1          for (j=0;j<112;j++);
  30   1      }
  31          void String(char *str)
  32          {
  33   1        int i;
  34   1        for(i=0;str[i]!=0;i++)
  35   1        {
  36   2          Transmit_data(str[i]);  
  37   2        }
  38   1      } 
  39          
  40          void main()
  41          {
  42   1        UART_Init();    
  43   1        
  44   1        
  45   1        while(1)
  46   1        {
  47   2          if(swit1==0)
  48   2          {
  49   3            delay(20);
  50   3              if(swit1==0)
  51   3              {
  52   4                cnt=cnt+1;
  53   4                sprintf(buffer, "Int: %d", cnt);
  54   4                String(buffer);       
C51 COMPILER V9.60.7.0   MAIN                                                              06/04/2025 12:41:47 PAGE 2   

  55   4                String("\n");
  56   4                while(swit1==0)
  57   4                  delay(20);
  58   4              }
  59   3            }
  60   2          if(swit2==0)
  61   2          {
  62   3            delay(20); 
  63   3              if(swit2==0)
  64   3              {
  65   4                cnt=cnt-1;
  66   4                sprintf(buffer, "Int: %d", cnt);
  67   4                String(buffer);       
  68   4                String("\n");
  69   4                while(swit2==0)
  70   4                  delay(20);
  71   4              }
  72   3            }
  73   2          led1=0;
  74   2          led2=0;
  75   2          if(cnt>=6)
  76   2            led1=1;
  77   2          else
  78   2            led1=0;
  79   2          if(cnt>=0)
  80   2            led2=1;     
  81   2        }
  82   1      }


MODULE INFORMATION:   STATIC OVERLAYABLE
   CODE SIZE        =    268    ----
   CONSTANT SIZE    =     10    ----
   XDATA SIZE       =   ----    ----
   PDATA SIZE       =   ----    ----
   DATA SIZE        =     22       3
   IDATA SIZE       =   ----    ----
   BIT SIZE         =   ----    ----
END OF MODULE INFORMATION.


C51 COMPILATION COMPLETE.  0 WARNING(S),  0 ERROR(S)
