C51 COMPILER V9.60.7.0   MAIN                                                              06/06/2025 15:52:34 PAGE 1   


C51 COMPILER V9.60.7.0, COMPILATION OF MODULE MAIN
OBJECT MODULE PLACED IN .\Objects\main.obj
COMPILER INVOKED BY: E:\arm keil\C51\BIN\C51.EXE main.c OPTIMIZE(8,SPEED) BROWSE DEBUG OBJECTEXTEND PRINT(.\Listings\mai
                    -n.lst) TABS(2) OBJECT(.\Objects\main.obj)

line level    source

   1          #include <reg51.h>
   2          #include <stdio.h>
   3          
   4          #define sound_velocity 34300       // in cm/s
   5          #define period_in_us 1e-6
   6          #define Clock_period (1.085 * period_in_us)
   7          
   8          #define lcd_data P2
   9          
  10          sbit rs = P1^0;
  11          sbit rw = P1^1;
  12          sbit en = P1^2;
  13          
  14          sbit LED1 = P0^4;
  15          sbit LED2 = P0^5;
  16          sbit LED3 = P0^6;
  17          sbit LED4 = P0^7;
  18          
  19          sbit Trigger_pin = P3^5;
  20          sbit Echo_pin = P3^7;
  21          
  22          void delay(unsigned int ms);
  23          void Delay_us();
  24          void init_timer();
  25          void send_trigger_pulse();
  26          void lcd_init();
  27          void cmd(unsigned char a);
  28          void dat(unsigned char b);
  29          void show(unsigned char *s);
  30          void lcd_delay();
  31          
  32          void lcd_init()
  33          {
  34   1          cmd(0x38);  // 2 lines, 5x7 matrix
  35   1          cmd(0x0e);  // Display ON, cursor ON
  36   1          cmd(0x01);  // Clear screen
  37   1          cmd(0x06);  // Increment cursor
  38   1          cmd(0x0c);  // Display ON, cursor OFF
  39   1          cmd(0x80);  // Cursor to first line
  40   1      }
  41          
  42          void cmd(unsigned char a)
  43          {
  44   1          lcd_data = a;
  45   1          rs = 0;
  46   1          rw = 0;
  47   1          en = 1;
  48   1          lcd_delay();
  49   1          en = 0;
  50   1      }
  51          
  52          void dat(unsigned char b)
  53          {
  54   1          lcd_data = b;
C51 COMPILER V9.60.7.0   MAIN                                                              06/06/2025 15:52:34 PAGE 2   

  55   1          rs = 1;
  56   1          rw = 0;
  57   1          en = 1;
  58   1          lcd_delay();
  59   1          en = 0;
  60   1      }
  61          
  62          void show(unsigned char *s)
  63          {
  64   1          while (*s) {
  65   2              dat(*s++);
  66   2          }
  67   1      }
  68          
  69          void lcd_delay()
  70          {
  71   1          unsigned int i;
  72   1          for (i = 0; i < 6000; i++);
  73   1      }
  74          
  75          void delay(unsigned int ms)
  76          {
  77   1          unsigned int i, j;
  78   1          for (i = 0; i < ms; i++)
  79   1              for (j = 0; j < 1275; j++);
  80   1      }
  81          
  82          void Delay_us()
  83          {
  84   1          TL0 = 0xF5;
  85   1          TH0 = 0xFF;
  86   1          TR0 = 1;
  87   1          while (TF0 == 0);
  88   1          TR0 = 0;
  89   1          TF0 = 0;
  90   1      }
  91          
  92          void init_timer()
  93          {
  94   1          TMOD = 0x01;  // Timer0 Mode 1
  95   1          TF0 = 0;
  96   1          TR0 = 0;
  97   1      }
  98          
  99          void send_trigger_pulse()
 100          {
 101   1          Trigger_pin = 1;
 102   1          Delay_us();  // ~10us pulse
 103   1          Trigger_pin = 0;
 104   1      }
 105          
 106          void main()
 107          {
 108   1          float time_in_seconds, distance_cm;
 109   1          char distance_str[16];
 110   1      
 111   1          lcd_init();
 112   1          cmd(0x80);
 113   1          show("Distance:");
 114   1      
 115   1          init_timer();
 116   1      
C51 COMPILER V9.60.7.0   MAIN                                                              06/06/2025 15:52:34 PAGE 3   

 117   1          while (1)
 118   1          {
 119   2              send_trigger_pulse();
 120   2              while (!Echo_pin);  // Wait for echo high
 121   2              TR0 = 1;
 122   2              while (Echo_pin && !TF0);  // Wait for echo low or timeout
 123   2              TR0 = 0;
 124   2      
 125   2              // Read timer and reset
 126   2              time_in_seconds = (TH0 << 8 | TL0) * Clock_period;
 127   2              TH0 = 0;
 128   2              TL0 = 0;
 129   2              TF0 = 0;
 130   2      
 131   2              // Calculate distance
 132   2              distance_cm = (time_in_seconds * sound_velocity) / 2.0;
 133   2      
 134   2              sprintf(distance_str, "%.2f cm", distance_cm);
 135   2      
 136   2              cmd(0xc0);  // Second line
 137   2              show(distance_str);
 138   2      
 139   2              delay(100);
 140   2              LED1 = 1;
 141   2              LED2 = 1;
 142   2              LED3 = 1; 
 143   2              LED4 = 1;
 144   2              
 145   2              if ((distance_cm > 0)&&(distance_cm <=20))
 146   2                LED1 = 0;
 147   2               else if ((distance_cm > 20 ) && (distance_cm <= 50)){
 148   3                LED2 = 0;
 149   3                LED1=0;}
 150   2               if ((distance_cm > 50)&& (distance_cm <=75)){
 151   3                LED3 = 0;
 152   3                LED2=0;
 153   3                LED1=0;}
 154   2               if ((distance_cm > 75) && (distance_cm < 100)){
 155   3                LED4 = 0;
 156   3                LED1=0;
 157   3                LED2=0;
 158   3                LED3=0;}
 159   2          }
 160   1      }


MODULE INFORMATION:   STATIC OVERLAYABLE
   CODE SIZE        =    538    ----
   CONSTANT SIZE    =     18    ----
   XDATA SIZE       =   ----    ----
   PDATA SIZE       =   ----    ----
   DATA SIZE        =   ----      27
   IDATA SIZE       =   ----    ----
   BIT SIZE         =   ----    ----
END OF MODULE INFORMATION.


C51 COMPILATION COMPLETE.  0 WARNING(S),  0 ERROR(S)
