C51 COMPILER V9.60.7.0   MAIN                                                              06/04/2025 15:54:44 PAGE 1   


C51 COMPILER V9.60.7.0, COMPILATION OF MODULE MAIN
OBJECT MODULE PLACED IN .\Objects\main.obj
COMPILER INVOKED BY: E:\arm keil\C51\BIN\C51.EXE main.c OPTIMIZE(8,SPEED) BROWSE DEBUG OBJECTEXTEND PRINT(.\Listings\mai
                    -n.lst) TABS(2) OBJECT(.\Objects\main.obj)

line level    source

   1          #include <reg51.h>
   2          
   3          #define MAX_LENGTH 20
   4          
   5          char buffer[MAX_LENGTH];
   6          unsigned char index = 0;
   7          
   8          void UART_Init()
   9          {
  10   1          TMOD = 0x20;     // Timer1, Mode 2 (Auto-reload)
  11   1          TH1 = 0xFD;      // Baud rate 9600 for 11.0592 MHz
  12   1          SCON = 0x50;     // Serial Mode 1, 8-bit UART, REN enabled
  13   1          TR1 = 1;         // Start Timer1
  14   1          EA = 1;          // Enable global interrupt
  15   1          ES = 1;          // Enable serial interrupt
  16   1      }
  17          
  18          void UART_TxChar(char ch)
  19          {
  20   1          SBUF = ch;
  21   1          while (TI == 0);
  22   1          TI = 0;
  23   1      }
  24          
  25          void UART_PrintString(char *str)
  26          {
  27   1          while (*str)
  28   1              UART_TxChar(*str++);
  29   1      }
  30          
  31          void Serial_ISR() interrupt 4
  32          {
  33   1          char ch = SBUF;
  34   1          RI = 0;
  35   1      
  36   1          if (ch == '! ')   // End of string (custom terminator)
*** ERROR C101 IN LINE 36 OF main.c: ''!': invalid character constant
*** ERROR C101 IN LINE 36 OF main.c: '')': invalid character constant
*** ERROR C141 IN LINE 36 OF main.c: syntax error near '')', expected ','
  37   1          {
*** ERROR C141 IN LINE 37 OF main.c: syntax error near '{', expected ';'
  38   2              buffer[index] = '\0';       // Null-terminate string
  39   2              UART_PrintString("\r\nReceived: ");
  40   2              UART_PrintString(buffer);
  41   2              UART_TxChar('\n');
  42   2              index = 0;                  // Reset index
  43   2          }
  44   1          else if (index < MAX_LENGTH - 1)
*** ERROR C141 IN LINE 44 OF main.c: syntax error near 'else', expected '__asm'
  45   1          {
  46   2              buffer[index++] = ch;       // Store received char
  47   2          }
  48   1      }
  49          
C51 COMPILER V9.60.7.0   MAIN                                                              06/04/2025 15:54:44 PAGE 2   

  50          void main()
  51          {
  52   1          UART_Init();
  53   1          UART_PrintString("Send a string ending with #: \n");
  54   1          while (1);
  55   1      }

C51 COMPILATION COMPLETE.  0 WARNING(S),  5 ERROR(S)
