C51 COMPILER V9.60.7.0   MAIN                                                              06/05/2025 15:05:35 PAGE 1   


C51 COMPILER V9.60.7.0, COMPILATION OF MODULE MAIN
OBJECT MODULE PLACED IN .\Objects\main.obj
COMPILER INVOKED BY: E:\arm keil\C51\BIN\C51.EXE main.c OPTIMIZE(8,SPEED) BROWSE DEBUG OBJECTEXTEND PRINT(.\Listings\mai
                    -n.lst) TABS(2) OBJECT(.\Objects\main.obj)

line level    source

   1          #include <reg51.h>  /* Include x51 header file */
   2          sbit LED = P1^5;  /* set LED on port1 */ 
   3          int f=0;
   4          void delay(k)  /* Delay for msec. (here Xtal freq. is 11.0592 MHz) */
   5          {
   6   1        int i,j;
   7   1        for (i=0;i<k;i++)
   8   1          for (j=0;j<112;j++);
   9   1      }
  10          void Ext_int_Init()       
  11          {
  12   1        EA  = 1;  /* Enable global interrupt */
  13   1        EX0 = 1;        /* Enable Ext. interrupt0 */
  14   1        IT0 = 1;        /* Select Ext. interrupt0 on falling edge */
  15   1      }
  16                                
  17          void External0_ISR() interrupt 0
  18          { /* Toggle pin on falling edge on INT0 pin */
  19   1        f=1;
  20   1      } 
  21          
  22          void main()
  23          {
  24   1        Ext_int_Init(); /* Call initialize */
  25   1        
  26   1        while(1)
  27   1        {
  28   2          if(f==1)
  29   2          {
  30   3            LED=1;
  31   3            delay(3000);
  32   3            f=0;
  33   3          }
  34   2          LED=1;
  35   2          delay(100);
  36   2          LED=0;
  37   2          delay(100);
  38   2        }
  39   1      }


MODULE INFORMATION:   STATIC OVERLAYABLE
   CODE SIZE        =     93    ----
   CONSTANT SIZE    =   ----    ----
   XDATA SIZE       =   ----    ----
   PDATA SIZE       =   ----    ----
   DATA SIZE        =      2    ----
   IDATA SIZE       =   ----    ----
   BIT SIZE         =   ----    ----
END OF MODULE INFORMATION.


C51 COMPILATION COMPLETE.  0 WARNING(S),  0 ERROR(S)
