C51 COMPILER V9.60.7.0   MAIN                                                              06/05/2025 14:32:17 PAGE 1   


C51 COMPILER V9.60.7.0, COMPILATION OF MODULE MAIN
OBJECT MODULE PLACED IN .\Objects\main.obj
COMPILER INVOKED BY: E:\arm keil\C51\BIN\C51.EXE main.c OPTIMIZE(8,SPEED) BROWSE DEBUG OBJECTEXTEND PRINT(.\Listings\mai
                    -n.lst) TABS(2) OBJECT(.\Objects\main.obj)

line level    source

   1          #include <reg51.h>  /* Include x51 header file */
   2          sbit LED = P1^5;  /* set LED on port1 */ 
   3          
   4          void Ext_int_Init()       
   5          {
   6   1        EA  = 1;  /* Enable global interrupt */
   7   1        EX1 = 1;        /* Enable Ext. interrupt0 */
   8   1        IT1 = 1;        /* Select Ext. interrupt0 on falling edge */
   9   1      }
  10                                
  11          void External1_ISR() interrupt 2
  12          {
  13   1        LED = ~LED; /* Toggle pin on falling edge on INT0 pin */
  14   1      } 
  15          
  16          void main()
  17          {
  18   1        Ext_int_Init(); /* Call initialize */
  19   1        while(1);
  20   1      }


MODULE INFORMATION:   STATIC OVERLAYABLE
   CODE SIZE        =     15    ----
   CONSTANT SIZE    =   ----    ----
   XDATA SIZE       =   ----    ----
   PDATA SIZE       =   ----    ----
   DATA SIZE        =   ----    ----
   IDATA SIZE       =   ----    ----
   BIT SIZE         =   ----    ----
END OF MODULE INFORMATION.


C51 COMPILATION COMPLETE.  0 WARNING(S),  0 ERROR(S)
