C51 COMPILER V9.60.7.0   MAIN                                                              06/06/2025 11:07:30 PAGE 1   


C51 COMPILER V9.60.7.0, COMPILATION OF MODULE MAIN
OBJECT MODULE PLACED IN .\Objects\main.obj
COMPILER INVOKED BY: E:\arm keil\C51\BIN\C51.EXE main.c OPTIMIZE(8,SPEED) BROWSE DEBUG OBJECTEXTEND PRINT(.\Listings\mai
                    -n.lst) TABS(2) OBJECT(.\Objects\main.obj)

line level    source

   1          #include <reg51.h>    // Header for 8051
   2          sbit q1 = P1 ^ 1;
   3          sbit q5 = P1 ^ 0;
   4          int i, one, ten;
   5          // Delay function (approximate)
   6          void delay(k)  /* Delay for msec. (here Xtal freq. is 11.0592 MHz) */
   7          {
   8   1        int i, j;
   9   1        for (i = 0; i < k; i++)
  10   1          for (j = 0; j < 112; j++);
  11   1      }
  12          unsigned int ms_count = 0;      // Millisecond counter
  13          unsigned int last_time = 0;     // Stores last execution time
  14          
  15          void Timer0_ISR(void) interrupt 1  // Timer0 overflow interrupt
  16          {
  17   1        TH0 = 0xFC;  // Reload for 1ms
  18   1        TL0 = 0x66;
  19   1        ms_count++;  // Increment every 1ms
  20   1      }
  21          
  22          void Timer0_Init(void)
  23          {
  24   1        TMOD |= 0x01;     // Timer0 Mode 1 (16-bit)
  25   1        TH0 = 0xFC;
  26   1        TL0 = 0x66;
  27   1        ET0 = 1;          // Enable Timer0 interrupt
  28   1        EA = 1;           // Enable global interrupts
  29   1        TR0 = 1;          // Start Timer0
  30   1      }
  31          
  32          unsigned char seg_pattern[10] = {
  33            0x3F, // 0 ? 0011 1111
  34            0x06, // 1 ? 0000 0110
  35            0x5B, // 2 ? 0101 1011
  36            0x4F, // 3 ? 0100 1111
  37            0x66, // 4 ? 0110 0110
  38            0x6D, // 5 ? 0110 1101
  39            0x7D, // 6 ? 0111 1101
  40            0x07, // 7 ? 0000 0111
  41            0x7F, // 8 ? 0111 1111
  42            0x6F  // 9 ? 0110 1111
  43          };
  44          
  45          void main(void)
  46          {
  47   1        unsigned char i;
  48   1        int f=1;
  49   1        while (f==1)
  50   1        {
  51   2          Timer0_Init();
  52   2      
  53   2          if (ms_count - last_time >= 100)
  54   2          {
C51 COMPILER V9.60.7.0   MAIN                                                              06/06/2025 11:07:30 PAGE 2   

  55   3            last_time = ms_count;
  56   3      
  57   3            if (i < 100)
  58   3            {
  59   4              one = i / 10;
  60   4              ten = i % 10;
  61   4              i += 1;
  62   4            }
  63   3      
  64   3      
  65   3          }
  66   2      
  67   2      
  68   2          q1 = 0;
  69   2          q5 = 1;
  70   2          P2 = seg_pattern[one];
  71   2      
  72   2          delay(10);
  73   2          q1 = 1;
  74   2          q5 = 0;
  75   2          P2 = seg_pattern[ten];
  76   2          delay(10);
  77   2          if(i==99)
  78   2            f=0;
  79   2        }
  80   1        while(f==0)
  81   1        {
  82   2           Timer0_Init();
  83   2      
  84   2          if (ms_count - last_time >= 100)
  85   2          {
  86   3            last_time = ms_count;
  87   3      
  88   3            if (i >0)
  89   3            {
  90   4              one = i / 10;
  91   4              ten = i % 10;
  92   4              i -= 1;
  93   4            }
  94   3      
  95   3      
  96   3          }
  97   2      
  98   2      
  99   2          q1 = 0;
 100   2          q5 = 1;
 101   2          P2 = seg_pattern[one];
 102   2      
 103   2          delay(10);
 104   2          q1 = 1;
 105   2          q5 = 0;
 106   2          P2 = seg_pattern[ten];
 107   2          delay(10);
 108   2          if(i==1)
 109   2            f=1;
 110   2          
 111   2        }
 112   1      } 


MODULE INFORMATION:   STATIC OVERLAYABLE
   CODE SIZE        =    279    ----
C51 COMPILER V9.60.7.0   MAIN                                                              06/06/2025 11:07:30 PAGE 3   

   CONSTANT SIZE    =   ----    ----
   XDATA SIZE       =   ----    ----
   PDATA SIZE       =   ----    ----
   DATA SIZE        =     20       3
   IDATA SIZE       =   ----    ----
   BIT SIZE         =   ----    ----
END OF MODULE INFORMATION.


C51 COMPILATION COMPLETE.  0 WARNING(S),  0 ERROR(S)
