C51 COMPILER V9.60.7.0   MAI                                                               06/06/2025 14:11:55 PAGE 1   


C51 COMPILER V9.60.7.0, COMPILATION OF MODULE MAI
OBJECT MODULE PLACED IN .\Objects\mai.obj
COMPILER INVOKED BY: E:\arm keil\C51\BIN\C51.EXE mai.c OPTIMIZE(8,SPEED) BROWSE DEBUG OBJECTEXTEND PRINT(.\Listings\mai.
                    -lst) TABS(2) OBJECT(.\Objects\mai.obj)

line level    source

   1          #include <reg51.h>
   2          #include <string.h>
   3          #include "stdio.h"
   4          #define lcd_data P2
   5          
   6          sbit rs=P1^0;
   7          sbit rw=P1^1;
   8          sbit en=P1^2;
   9          
  10          sbit LED1 = P1^5; 
  11          sbit ir=P3^2;
  12          int count = 0;
  13          
  14          void lcd_init();
  15          void cmd(unsigned char a);
  16          void dat(unsigned char b);
  17          void show(unsigned char *s);
  18          void lcd_delay();
  19          void delay(k)  /* Delay for msec. (here Xtal freq. is 11.0592 MHz) */
  20          {
  21   1        int i,j;
  22   1        for (i=0;i<k;i++)
  23   1          for (j=0;j<112;j++);
  24   1      }
  25          void lcd_init()
  26          {
  27   1          cmd(0x38);
  28   1          cmd(0x0e);
  29   1          cmd(0x01);
  30   1          cmd(0x06);
  31   1          cmd(0x0c);
  32   1          cmd(0x80);
  33   1      }
  34          
  35          void cmd(unsigned char a)
  36          {
  37   1          lcd_data=a;
  38   1          rs=0;
  39   1          rw=0;
  40   1          en=1;
  41   1          lcd_delay();
  42   1          en=0;
  43   1      }
  44          
  45          void dat(unsigned char b)
  46          {
  47   1          lcd_data=b;
  48   1          rs=1;
  49   1          rw=0;
  50   1          en=1;
  51   1          lcd_delay();
  52   1          en=0;
  53   1      }
  54          
C51 COMPILER V9.60.7.0   MAI                                                               06/06/2025 14:11:55 PAGE 2   

  55          void show(unsigned char *s)
  56          {
  57   1          while(*s) {
  58   2              dat(*s++);
  59   2          }
  60   1      }
  61          
  62          void lcd_delay()
  63          {
  64   1          unsigned int lcd_delay;
  65   1          for(lcd_delay=0;lcd_delay<=6000;lcd_delay++);
  66   1      }
  67          
  68          int main()
  69          {
  70   1          unsigned int j,i;
  71   1          char buffer[5];
  72   1          lcd_init();
  73   1      
  74   1        while(1)
  75   1          
  76   1        {
  77   2      
  78   2         
  79   2      if(ir==0)
  80   2      {
  81   3        LED1=1;
  82   3        count +=1;
  83   3        cmd(0x8d);
  84   3        sprintf(buffer,"%d",count);
  85   3        show(buffer);
  86   3        while(ir==0);
  87   3        delay(20);
  88   3      }
  89   2      else
  90   2      {
  91   3      LED1=0;
  92   3      }
  93   2      
  94   2      }
  95   1        }
*** WARNING C280 IN LINE 70 OF mai.c: 'j': unreferenced local variable
*** WARNING C280 IN LINE 70 OF mai.c: 'i': unreferenced local variable


MODULE INFORMATION:   STATIC OVERLAYABLE
   CODE SIZE        =    218    ----
   CONSTANT SIZE    =      3    ----
   XDATA SIZE       =   ----    ----
   PDATA SIZE       =   ----    ----
   DATA SIZE        =      2      12
   IDATA SIZE       =   ----    ----
   BIT SIZE         =   ----    ----
END OF MODULE INFORMATION.


C51 COMPILATION COMPLETE.  2 WARNING(S),  0 ERROR(S)
