C51 COMPILER V9.60.7.0   MAIN                                                              06/06/2025 10:20:03 PAGE 1   


C51 COMPILER V9.60.7.0, COMPILATION OF MODULE MAIN
OBJECT MODULE PLACED IN .\Objects\main.obj
COMPILER INVOKED BY: E:\arm keil\C51\BIN\C51.EXE main.c OPTIMIZE(8,SPEED) BROWSE DEBUG OBJECTEXTEND PRINT(.\Listings\mai
                    -n.lst) TABS(2) OBJECT(.\Objects\main.obj)

line level    source

   1          #include <reg51.h>    // Header for 8051
   2          sbit q1 = P1^1; 
   3          sbit q5 = P1^1; 
   4          // Delay function (approximate)
   5          void delay(k)  /* Delay for msec. (here Xtal freq. is 11.0592 MHz) */
   6          {
   7   1        int i,j;
   8   1        for (i=0;i<k;i++)
   9   1          for (j=0;j<112;j++);
  10   1      }
  11          
  12          
  13          unsigned char seg_pattern[10] = {
  14              0x3F, // 0 ? 0011 1111
  15              0x06, // 1 ? 0000 0110
  16              0x5B, // 2 ? 0101 1011
  17              0x4F, // 3 ? 0100 1111
  18              0x66, // 4 ? 0110 0110
  19              0x6D, // 5 ? 0110 1101
  20              0x7D, // 6 ? 0111 1101
  21              0x07, // 7 ? 0000 0111
  22              0x7F, // 8 ? 0111 1111
  23              0x6F  // 9 ? 0110 1111
  24          };
  25          
  26          void main(void) {
  27   1          unsigned char i;
  28   1          int m=72;
  29   1          while(1)
  30   1          {
  31   2            q1=1;
  32   2            q5=0;
  33   2            P2=seg_pattern[m/10];
  34   2            delay(10);
  35   2            q1=0;
  36   2            q5=1;
  37   2            P2=seg_pattern[m%10];
  38   2            delay(10);
  39   2          }
  40   1      }
*** WARNING C280 IN LINE 27 OF main.c: 'i': unreferenced local variable


MODULE INFORMATION:   STATIC OVERLAYABLE
   CODE SIZE        =     96    ----
   CONSTANT SIZE    =   ----    ----
   XDATA SIZE       =   ----    ----
   PDATA SIZE       =   ----    ----
   DATA SIZE        =     10       3
   IDATA SIZE       =   ----    ----
   BIT SIZE         =   ----    ----
END OF MODULE INFORMATION.


C51 COMPILATION COMPLETE.  1 WARNING(S),  0 ERROR(S)
