C51 COMPILER V9.60.7.0   MAIN                                                              06/06/2025 14:59:53 PAGE 1   


C51 COMPILER V9.60.7.0, COMPILATION OF MODULE MAIN
OBJECT MODULE PLACED IN .\Objects\main.obj
COMPILER INVOKED BY: E:\arm keil\C51\BIN\C51.EXE main.c OPTIMIZE(8,SPEED) BROWSE DEBUG OBJECTEXTEND PRINT(.\Listings\mai
                    -n.lst) TABS(2) OBJECT(.\Objects\main.obj)

line level    source

   1          #include <reg51.h>
   2          #include <stdio.h>
   3          
   4          #define sound_velocity 34300       // in cm/s
   5          #define period_in_us 1e-6
   6          #define Clock_period (1.085 * period_in_us)
   7          
   8          #define lcd_data P2
   9          
  10          sbit rs = P1^0;
  11          sbit rw = P1^1;
  12          sbit en = P1^2;
  13          
  14          sbit Trigger_pin = P3^5;
  15          sbit Echo_pin = P3^7;
  16          
  17          void delay(unsigned int ms);
  18          void Delay_us();
  19          void init_timer();
  20          void send_trigger_pulse();
  21          void lcd_init();
  22          void cmd(unsigned char a);
  23          void dat(unsigned char b);
  24          void show(unsigned char *s);
  25          void lcd_delay();
  26          
  27          void lcd_init()
  28          {
  29   1          cmd(0x38);  // 2 lines, 5x7 matrix
  30   1          cmd(0x0e);  // Display ON, cursor ON
  31   1          cmd(0x01);  // Clear screen
  32   1          cmd(0x06);  // Increment cursor
  33   1          cmd(0x0c);  // Display ON, cursor OFF
  34   1          cmd(0x80);  // Cursor to first line
  35   1      }
  36          
  37          void cmd(unsigned char a)
  38          {
  39   1          lcd_data = a;
  40   1          rs = 0;
  41   1          rw = 0;
  42   1          en = 1;
  43   1          lcd_delay();
  44   1          en = 0;
  45   1      }
  46          
  47          void dat(unsigned char b)
  48          {
  49   1          lcd_data = b;
  50   1          rs = 1;
  51   1          rw = 0;
  52   1          en = 1;
  53   1          lcd_delay();
  54   1          en = 0;
C51 COMPILER V9.60.7.0   MAIN                                                              06/06/2025 14:59:53 PAGE 2   

  55   1      }
  56          
  57          void show(unsigned char *s)
  58          {
  59   1          while (*s) {
  60   2              dat(*s++);
  61   2          }
  62   1      }
  63          
  64          void lcd_delay()
  65          {
  66   1          unsigned int i;
  67   1          for (i = 0; i < 6000; i++);
  68   1      }
  69          
  70          void delay(unsigned int ms)
  71          {
  72   1          unsigned int i, j;
  73   1          for (i = 0; i < ms; i++)
  74   1              for (j = 0; j < 1275; j++);
  75   1      }
  76          
  77          void Delay_us()
  78          {
  79   1          TL0 = 0xF5;
  80   1          TH0 = 0xFF;
  81   1          TR0 = 1;
  82   1          while (TF0 == 0);
  83   1          TR0 = 0;
  84   1          TF0 = 0;
  85   1      }
  86          
  87          void init_timer()
  88          {
  89   1          TMOD = 0x01;  // Timer0 Mode 1
  90   1          TF0 = 0;
  91   1          TR0 = 0;
  92   1      }
  93          
  94          void send_trigger_pulse()
  95          {
  96   1          Trigger_pin = 1;
  97   1          Delay_us();  // ~10us pulse
  98   1          Trigger_pin = 0;
  99   1      }
 100          
 101          void main()
 102          {
 103   1          float time_in_seconds, distance_cm;
 104   1          char distance_str[16];
 105   1      
 106   1          lcd_init();
 107   1          cmd(0x80);
 108   1          show("Distance:");
 109   1      
 110   1          init_timer();
 111   1      
 112   1          while (1)
 113   1          {
 114   2              send_trigger_pulse();
 115   2              while (!Echo_pin);  // Wait for echo high
 116   2              TR0 = 1;
C51 COMPILER V9.60.7.0   MAIN                                                              06/06/2025 14:59:53 PAGE 3   

 117   2              while (Echo_pin && !TF0);  // Wait for echo low or timeout
 118   2              TR0 = 0;
 119   2      
 120   2              // Read timer and reset
 121   2              time_in_seconds = (TH0 << 8 | TL0) * Clock_period;
 122   2              TH0 = 0;
 123   2              TL0 = 0;
 124   2              TF0 = 0;
 125   2      
 126   2              // Calculate distance
 127   2              distance_cm = (time_in_seconds * sound_velocity) / 2.0;
 128   2      
 129   2              sprintf(distance_str, "%.2f cm", distance_cm);
 130   2      
 131   2              cmd(0xc0);  // Second line
 132   2              show(distance_str);
 133   2      
 134   2              delay(100);
 135   2          }
 136   1      }


MODULE INFORMATION:   STATIC OVERLAYABLE
   CODE SIZE        =    331    ----
   CONSTANT SIZE    =     18    ----
   XDATA SIZE       =   ----    ----
   PDATA SIZE       =   ----    ----
   DATA SIZE        =   ----      27
   IDATA SIZE       =   ----    ----
   BIT SIZE         =   ----    ----
END OF MODULE INFORMATION.


C51 COMPILATION COMPLETE.  0 WARNING(S),  0 ERROR(S)
