C51 COMPILER V9.60.7.0   MAIN                                                              06/05/2025 10:16:48 PAGE 1   


C51 COMPILER V9.60.7.0, COMPILATION OF MODULE MAIN
OBJECT MODULE PLACED IN .\Objects\main.obj
COMPILER INVOKED BY: E:\arm keil\C51\BIN\C51.EXE main.c OPTIMIZE(8,SPEED) BROWSE DEBUG OBJECTEXTEND PRINT(.\Listings\mai
                    -n.lst) TABS(2) OBJECT(.\Objects\main.obj)

line level    source

   1          #include <reg51.h>
   2          sbit swit1=P0^0;
   3          sbit swit2=P0^1;
   4          sbit swit3=P0^2;
   5          sbit swit4=P0^3;
   6          sbit led1=P0^4;
   7          sbit led2=P0^5;
   8          sbit led3=P0^6;
   9          sbit led4=P0^7;
  10          void delay(k)
  11          {
  12   1        int i,j;
  13   1        for (i=0;i<k;i++)
  14   1          for (j=0;j<112;j++);
  15   1      }
  16          
  17          void main()
  18          {
  19   1          led1=0;
  20   1          led2=0;
  21   1          led3=0;
  22   1          led4=0;
  23   1          while(1)
  24   1          {
  25   2            if(swit1==1)
  26   2            {
  27   3              led1=1;
  28   3            }
  29   2            else
  30   2              led1=0;
  31   2            if(swit2==1)
  32   2            {
  33   3              led2=1;
  34   3            }
  35   2            else
  36   2              led2=0;
  37   2            if(swit3==1)
  38   2            {
  39   3              led3=1;
  40   3            }
  41   2            else
  42   2              led3=0;
  43   2            if(swit4==1)
  44   2            {
  45   3              led4=1;
  46   3            }
  47   2            else
  48   2              led4=0;
  49   2          }
  50   1      }


MODULE INFORMATION:   STATIC OVERLAYABLE
   CODE SIZE        =     84    ----
C51 COMPILER V9.60.7.0   MAIN                                                              06/05/2025 10:16:48 PAGE 2   

   CONSTANT SIZE    =   ----    ----
   XDATA SIZE       =   ----    ----
   PDATA SIZE       =   ----    ----
   DATA SIZE        =   ----    ----
   IDATA SIZE       =   ----    ----
   BIT SIZE         =   ----    ----
END OF MODULE INFORMATION.


C51 COMPILATION COMPLETE.  0 WARNING(S),  0 ERROR(S)
