C51 COMPILER V9.60.7.0   MAIN                                                              06/03/2025 14:30:18 PAGE 1   


C51 COMPILER V9.60.7.0, COMPILATION OF MODULE MAIN
OBJECT MODULE PLACED IN .\Objects\main.obj
COMPILER INVOKED BY: E:\arm keil\C51\BIN\C51.EXE main.c OPTIMIZE(8,SPEED) BROWSE DEBUG OBJECTEXTEND PRINT(.\Listings\mai
                    -n.lst) TABS(2) OBJECT(.\Objects\main.obj)

line level    source

   1          #include<reg51.h>
   2          void delay(k)  /* Delay for msec. (here Xtal freq. is 11.0592 MHz) */
   3          {
   4   1        int i,j;
   5   1        for (i=0;i<k;i++)
   6   1          for (j=0;j<112;j++);
   7   1      }
   8          
   9          void main()
  10          { 
  11   1          while(1) 
  12   1          { 
  13   2              P1=0x40; 
  14   2              delay(100);
  15   2              P1=0x00; 
  16   2              delay(100);
  17   2              P1=0x20; 
  18   2              delay(100);
  19   2              P1=0x00; 
  20   2              delay(100);
  21   2          } 
  22   1      }


MODULE INFORMATION:   STATIC OVERLAYABLE
   CODE SIZE        =     62    ----
   CONSTANT SIZE    =   ----    ----
   XDATA SIZE       =   ----    ----
   PDATA SIZE       =   ----    ----
   DATA SIZE        =   ----    ----
   IDATA SIZE       =   ----    ----
   BIT SIZE         =   ----    ----
END OF MODULE INFORMATION.


C51 COMPILATION COMPLETE.  0 WARNING(S),  0 ERROR(S)
