C51 COMPILER V9.60.7.0   MAIN                                                              06/06/2025 12:11:39 PAGE 1   


C51 COMPILER V9.60.7.0, COMPILATION OF MODULE MAIN
OBJECT MODULE PLACED IN .\Objects\main.obj
COMPILER INVOKED BY: E:\arm keil\C51\BIN\C51.EXE main.c OPTIMIZE(8,SPEED) BROWSE DEBUG OBJECTEXTEND PRINT(.\Listings\mai
                    -n.lst) TABS(2) OBJECT(.\Objects\main.obj)

line level    source

   1          #include <reg51.h>
   2          
   3          #define lcd_data P2
   4          
   5          sbit rs=P1^0;
   6          sbit rw=P1^1;
   7          sbit en=P1^2;
   8          
   9          void lcd_init();
  10          void cmd(unsigned char a);
  11          void dat(unsigned char b);
  12          void show(unsigned char *s);
  13          void lcd_delay();
  14          void delay(k)  /* Delay for msec. (here Xtal freq. is 11.0592 MHz) */
  15          {
  16   1        int i,j;
  17   1        for (i=0;i<k;i++)
  18   1          for (j=0;j<112;j++);
  19   1      }
  20          void lcd_init()
  21          {
  22   1          cmd(0x38);
  23   1          cmd(0x0e);
  24   1          cmd(0x01);
  25   1          cmd(0x06);
  26   1          cmd(0x0c);
  27   1          cmd(0x80);
  28   1      }
  29          
  30          void cmd(unsigned char a)
  31          {
  32   1          lcd_data=a;
  33   1          rs=0;
  34   1          rw=0;
  35   1          en=1;
  36   1          lcd_delay();
  37   1          en=0;
  38   1      }
  39          
  40          void dat(unsigned char b)
  41          {
  42   1          lcd_data=b;
  43   1          rs=1;
  44   1          rw=0;
  45   1          en=1;
  46   1          lcd_delay();
  47   1          en=0;
  48   1      }
  49          
  50          void show(unsigned char *s)
  51          {
  52   1          while(*s) {
  53   2              dat(*s++);
  54   2          }
C51 COMPILER V9.60.7.0   MAIN                                                              06/06/2025 12:11:39 PAGE 2   

  55   1      }
  56          
  57          void lcd_delay()
  58          {
  59   1          unsigned int lcd_delay;
  60   1          for(lcd_delay=0;lcd_delay<=6000;lcd_delay++);
  61   1      }
  62          
  63          int main()
  64          {
  65   1          unsigned int j,i;
  66   1          lcd_init();
  67   1        while(1)
  68   1          
  69   1        {
  70   2               cmd(0x18);
  71   2              show("ESM");
  72   2              cmd(0x16);
  73   2              show("");
  74   2      
  75   2       
  76   2      }
  77   1        }
*** WARNING C280 IN LINE 65 OF main.c: 'j': unreferenced local variable
*** WARNING C280 IN LINE 65 OF main.c: 'i': unreferenced local variable


MODULE INFORMATION:   STATIC OVERLAYABLE
   CODE SIZE        =    181    ----
   CONSTANT SIZE    =      5    ----
   XDATA SIZE       =   ----    ----
   PDATA SIZE       =   ----    ----
   DATA SIZE        =   ----       7
   IDATA SIZE       =   ----    ----
   BIT SIZE         =   ----    ----
END OF MODULE INFORMATION.


C51 COMPILATION COMPLETE.  2 WARNING(S),  0 ERROR(S)
