C51 COMPILER V9.60.7.0   MAIN                                                              06/07/2025 10:53:33 PAGE 1   


C51 COMPILER V9.60.7.0, COMPILATION OF MODULE MAIN
OBJECT MODULE PLACED IN .\Objects\main.obj
COMPILER INVOKED BY: E:\arm keil\C51\BIN\C51.EXE main.c OPTIMIZE(8,SPEED) BROWSE DEBUG OBJECTEXTEND PRINT(.\Listings\mai
                    -n.lst) TABS(2) OBJECT(.\Objects\main.obj)

line level    source

   1          #include <reg51.h>
   2          #include "i2c.h"
*** WARNING C280 IN LINE 49 OF i2c.h: 'DelayVal': unreferenced local variable
   3          #include <stdio.h>
   4          
   5          char buffer[30];
   6          int ch0, ch1, ch2, ch3;
   7          float v=0;
   8          void UART_Init()
   9          {
  10   1        TMOD = 0x20;    // Timer 1, mode 2
  11   1        TH1 = 0xFD;     // 9600 baud @ 11.0592MHz
  12   1        SCON = 0x50;    // Mode 1, enable reception
  13   1        TR1 = 1;      // Start timer 1
  14   1      }
  15          
  16          void Transmit_data(char tx_data)
  17          {
  18   1        SBUF = tx_data;
  19   1        while (TI == 0);
  20   1        TI = 0;
  21   1      }
  22          
  23          void String(char *str)
  24          {
  25   1        int i;
  26   1        for (i = 0; str[i] != 0; i++)
  27   1          Transmit_data(str[i]);
  28   1      }
  29          
  30          void main()
  31          {
  32   1        UART_Init();
  33   1        while (1)
  34   1        {
  35   2          IE = 0x90;  // Optional: Enable interrupt
  36   2          ch0 = i2c_Readch0();
  37   2          msDelay(200);
  38   2          v = ch0*(5.0/255.0);
  39   2          sprintf(buffer, "ch0: %d\r\n", ch0);
  40   2          String(buffer);
  41   2          sprintf(buffer, "ch0: %.2f\r\n", v);
  42   2          String(buffer);
  43   2        }
  44   1      }


MODULE INFORMATION:   STATIC OVERLAYABLE
   CODE SIZE        =    561    ----
   CONSTANT SIZE    =     22    ----
   XDATA SIZE       =   ----    ----
   PDATA SIZE       =   ----    ----
   DATA SIZE        =     61       5
   IDATA SIZE       =   ----    ----
C51 COMPILER V9.60.7.0   MAIN                                                              06/07/2025 10:53:33 PAGE 2   

   BIT SIZE         =      6    ----
END OF MODULE INFORMATION.


C51 COMPILATION COMPLETE.  1 WARNING(S),  0 ERROR(S)
