C51 COMPILER V9.60.7.0   MAIN                                                              06/04/2025 10:49:32 PAGE 1   


C51 COMPILER V9.60.7.0, COMPILATION OF MODULE MAIN
OBJECT MODULE PLACED IN .\Objects\main.obj
COMPILER INVOKED BY: E:\arm keil\C51\BIN\C51.EXE main.c OPTIMIZE(8,SPEED) BROWSE DEBUG OBJECTEXTEND PRINT(.\Listings\mai
                    -n.lst) TABS(2) OBJECT(.\Objects\main.obj)

line level    source

   1          #include <reg51.h>    /* Include x51 header file */
   2          #include "stdio.h"
   3          
   4          char buffer[20];  
   5          int value = 1234;
   6          float temp = 36.57;
   7          
   8          void UART_Init()
   9          {
  10   1        TMOD = 0x20;    /* Timer 1, 8-bit auto reload mode */
  11   1        TH1 = 0xFD;   /* Load value for 9600 baud rate */
  12   1        SCON = 0x50;    /* Mode 1, reception enable */
  13   1        TR1 = 1;    /* Start timer 1 */
  14   1      }
  15          
  16          void Transmit_data(char tx_data)
  17          {
  18   1        SBUF = tx_data;   /* Load char in SBUF register */
  19   1        while (TI==0);    /* Wait until stop bit transmit */
  20   1        TI = 0;     /* Clear TI flag */
  21   1      }
  22          
  23          void String(char *str)
  24          {
  25   1        int i;
  26   1        for(i=0;str[i]!=0;i++)
  27   1        {
  28   2          Transmit_data(str[i]);  
  29   2        }
  30   1      } 
  31          
  32          void main()
  33          {
  34   1        UART_Init();    
  35   1        String("\n test");  
  36   1        String("\n");
  37   1        sprintf(buffer, "Int: %d", value);
  38   1        String(buffer);       
  39   1        String("\n");
  40   1        sprintf(buffer, "Float: %.2f", temp);  
  41   1        String(buffer);
  42   1        
  43   1        while(1);
  44   1      }


MODULE INFORMATION:   STATIC OVERLAYABLE
   CODE SIZE        =    154    ----
   CONSTANT SIZE    =     29    ----
   XDATA SIZE       =   ----    ----
   PDATA SIZE       =   ----    ----
   DATA SIZE        =     26       3
   IDATA SIZE       =   ----    ----
   BIT SIZE         =   ----    ----
C51 COMPILER V9.60.7.0   MAIN                                                              06/04/2025 10:49:32 PAGE 2   

END OF MODULE INFORMATION.


C51 COMPILATION COMPLETE.  0 WARNING(S),  0 ERROR(S)
