C51 COMPILER V9.60.7.0   MAIN                                                              06/03/2025 14:48:35 PAGE 1   


C51 COMPILER V9.60.7.0, COMPILATION OF MODULE MAIN
OBJECT MODULE PLACED IN .\Objects\main.obj
COMPILER INVOKED BY: E:\arm keil\C51\BIN\C51.EXE main.c OPTIMIZE(8,SPEED) BROWSE DEBUG OBJECTEXTEND PRINT(.\Listings\mai
                    -n.lst) TABS(2) OBJECT(.\Objects\main.obj)

line level    source

   1          #include<reg51.h>
   2          sbit LED1 = P1^5;       
   3          sbit LED2 = P1^6;  
   4          
   5          void delay(k)  /* Delay for msec. (here Xtal freq. is 11.0592 MHz) */
   6          {
   7   1        int i,j;
   8   1        for (i=0;i<k;i++)
   9   1          for (j=0;j<112;j++);
  10   1      }
  11          
  12          void main()
  13          { 
  14   1          while(1) 
  15   1          { 
  16   2              LED1=1;
  17   2              delay(100);
  18   2             LED1=0;
  19   2              delay(100);
  20   2          } 
  21   1      }


MODULE INFORMATION:   STATIC OVERLAYABLE
   CODE SIZE        =     54    ----
   CONSTANT SIZE    =   ----    ----
   XDATA SIZE       =   ----    ----
   PDATA SIZE       =   ----    ----
   DATA SIZE        =   ----    ----
   IDATA SIZE       =   ----    ----
   BIT SIZE         =   ----    ----
END OF MODULE INFORMATION.


C51 COMPILATION COMPLETE.  0 WARNING(S),  0 ERROR(S)
