C51 COMPILER V9.60.7.0   MAIN                                                              06/04/2025 10:28:19 PAGE 1   


C51 COMPILER V9.60.7.0, COMPILATION OF MODULE MAIN
OBJECT MODULE PLACED IN .\Objects\main.obj
COMPILER INVOKED BY: E:\arm keil\C51\BIN\C51.EXE main.c OPTIMIZE(8,SPEED) BROWSE DEBUG OBJECTEXTEND PRINT(.\Listings\mai
                    -n.lst) TABS(2) OBJECT(.\Objects\main.obj)

line level    source

   1          #include <reg51.h>
   2          sbit swit=P1^3;
   3          sbit led=P1^5;
   4          void delay(k)
   5          {
   6   1        int i,j;
   7   1        for (i=0;i<k;i++)
   8   1          for (j=0;j<112;j++);
   9   1      }
  10          
  11          void main()
  12          {
  13   1          led=0;
  14   1          while(1)
  15   1          {
  16   2            if(swit==0)
  17   2            {
  18   3              
  19   3              led=1;
  20   3              delay(100);
  21   3              led=0;
  22   3              delay(100);
  23   3            }
  24   2            else
  25   2              led=0;
  26   2              delay(50);
  27   2          }
  28   1      }


MODULE INFORMATION:   STATIC OVERLAYABLE
   CODE SIZE        =     70    ----
   CONSTANT SIZE    =   ----    ----
   XDATA SIZE       =   ----    ----
   PDATA SIZE       =   ----    ----
   DATA SIZE        =   ----    ----
   IDATA SIZE       =   ----    ----
   BIT SIZE         =   ----    ----
END OF MODULE INFORMATION.


C51 COMPILATION COMPLETE.  0 WARNING(S),  0 ERROR(S)
